<?xml version="1.0" encoding="UTF-8"?>
<!-- Generated by org.testng.reporters.JUnitReportReporter -->
<testsuite skipped="0" hostname="GulJen" name="scripts.CarsSignInPageTest" tests="2" failures="0" timestamp="2022-06-07T02:47:17 CDT" time="19.180" errors="0">
  <testcase name="testSignInWithEmail" time="7.380" classname="scripts.CarsSignInPageTest"/>
  <system-out/>
  <testcase name="testInvalidCredentials" time="11.800" classname="scripts.CarsSignInPageTest"/>
  <system-out/>
</testsuite> <!-- scripts.CarsSignInPageTest -->
